{"level":"info","time":"2021-07-01T11:49:04.095+0800","lineNum":"C:/code/encoo/src/ClusterServices/ActionFlowServices/db/db.go:38","msg":"database connection successful","service":"api_service"}
{"level":"info","time":"2021-07-01T11:49:04.132+0800","lineNum":"C:/code/encoo/src/ClusterServices/ActionFlowServices/core/server.go:70","msg":"listen: 0.0.0.0:4000","service":"api_service"}
{"level":"info","time":"2021-07-01T11:53:16.053+0800","lineNum":"C:/code/encoo/src/ClusterServices/ActionFlowServices/db/db.go:38","msg":"database connection successful","service":"api_service"}
{"level":"info","time":"2021-07-01T11:53:16.098+0800","lineNum":"C:/code/encoo/src/ClusterServices/ActionFlowServices/core/server.go:70","msg":"listen: 0.0.0.0:4000","service":"api_service"}
{"level":"info","time":"2021-07-01T13:37:34.998+0800","lineNum":"C:/code/encoo/src/ClusterServices/ActionFlowServices/db/db.go:38","msg":"database connection successful","service":"api_service"}
{"level":"info","time":"2021-07-01T13:37:35.037+0800","lineNum":"C:/code/encoo/src/ClusterServices/ActionFlowServices/core/server.go:70","msg":"listen: 0.0.0.0:4000","service":"api_service"}
{"level":"info","time":"2021-07-01T14:37:52.615+0800","lineNum":"C:/code/encoo/src/ClusterServices/ActionFlowServices/db/db.go:38","msg":"database connection successful","service":"api_service"}
{"level":"info","time":"2021-07-01T14:37:52.661+0800","lineNum":"C:/code/encoo/src/ClusterServices/ActionFlowServices/core/server.go:70","msg":"listen: 0.0.0.0:4000","service":"api_service"}
{"level":"info","time":"2021-07-01T15:28:58.673+0800","lineNum":"C:/code/encoo/src/ClusterServices/ActionFlowServices/db/db.go:38","msg":"database connection successful","service":"api_service"}
{"level":"info","time":"2021-07-01T15:28:58.710+0800","lineNum":"C:/code/encoo/src/ClusterServices/ActionFlowServices/core/server.go:70","msg":"listen: 0.0.0.0:4000","service":"api_service"}
{"level":"info","time":"2021-07-01T15:40:42.768+0800","lineNum":"C:/code/encoo/src/ClusterServices/ActionFlowServices/db/db.go:38","msg":"database connection successful","service":"api_service"}
{"level":"info","time":"2021-07-01T15:40:42.813+0800","lineNum":"C:/code/encoo/src/ClusterServices/ActionFlowServices/core/server.go:70","msg":"listen: 0.0.0.0:4000","service":"api_service"}
{"level":"info","time":"2021-07-01T15:43:45.723+0800","lineNum":"C:/code/encoo/src/ClusterServices/ActionFlowServices/db/db.go:38","msg":"database connection successful","service":"api_service"}
{"level":"info","time":"2021-07-01T15:43:45.769+0800","lineNum":"C:/code/encoo/src/ClusterServices/ActionFlowServices/core/server.go:70","msg":"listen: 0.0.0.0:4000","service":"api_service"}
{"level":"info","time":"2021-07-01T15:45:05.738+0800","lineNum":"C:/code/encoo/src/ClusterServices/ActionFlowServices/db/db.go:38","msg":"database connection successful","service":"api_service"}
{"level":"info","time":"2021-07-01T15:45:05.779+0800","lineNum":"C:/code/encoo/src/ClusterServices/ActionFlowServices/core/server.go:70","msg":"listen: 0.0.0.0:4000","service":"api_service"}
{"level":"info","time":"2021-07-01T15:46:47.018+0800","lineNum":"C:/code/encoo/src/ClusterServices/ActionFlowServices/db/db.go:38","msg":"database connection successful","service":"api_service"}
{"level":"info","time":"2021-07-01T15:46:47.066+0800","lineNum":"C:/code/encoo/src/ClusterServices/ActionFlowServices/core/server.go:70","msg":"listen: 0.0.0.0:4000","service":"api_service"}
{"level":"info","time":"2021-07-01T15:50:47.415+0800","lineNum":"C:/code/encoo/src/ClusterServices/ActionFlowServices/db/db.go:38","msg":"database connection successful","service":"api_service"}
{"level":"info","time":"2021-07-01T15:50:47.457+0800","lineNum":"C:/code/encoo/src/ClusterServices/ActionFlowServices/core/server.go:70","msg":"listen: 0.0.0.0:4000","service":"api_service"}
{"level":"info","time":"2021-07-01T15:51:23.522+0800","lineNum":"C:/code/encoo/src/ClusterServices/ActionFlowServices/db/db.go:38","msg":"database connection successful","service":"api_service"}
{"level":"info","time":"2021-07-01T15:51:23.572+0800","lineNum":"C:/code/encoo/src/ClusterServices/ActionFlowServices/core/server.go:70","msg":"listen: 0.0.0.0:4000","service":"api_service"}
{"level":"error","time":"2021-07-01T15:51:33.566+0800","lineNum":"C:/code/encoo/src/ClusterServices/ActionFlowServices/logic/task/job_logic.go:68","msg":"---------------","service":"api_service"}
{"level":"error","time":"2021-07-01T15:51:36.095+0800","lineNum":"C:/code/encoo/src/ClusterServices/ActionFlowServices/logic/task/job_logic.go:68","msg":"---------------","service":"api_service"}
{"level":"error","time":"2021-07-01T16:37:57.005+0800","lineNum":"C:/code/encoo/src/ClusterServices/ActionFlowServices/logic/task/job_logic.go:68","msg":"---------------","service":"api_service"}
{"level":"error","time":"2021-07-01T16:46:05.382+0800","lineNum":"C:/code/encoo/src/ClusterServices/ActionFlowServices/logic/task/job_runinstance_logic.go:86","msg":"driver: bad connection","service":"api_service"}
{"level":"error","time":"2021-07-01T16:46:14.055+0800","lineNum":"C:/code/encoo/src/ClusterServices/ActionFlowServices/logic/task/job_logic.go:68","msg":"---------------","service":"api_service"}
{"level":"info","time":"2021-07-06T19:59:25.383+0800","lineNum":"C:/code/encoo/src/ClusterServices/ActionFlowServices/db/db.go:38","msg":"database connection successful","service":"api_service"}
{"level":"info","time":"2021-07-06T19:59:25.436+0800","lineNum":"C:/code/encoo/src/ClusterServices/ActionFlowServices/core/server.go:70","msg":"listen: 0.0.0.0:4000","service":"api_service"}
{"level":"error","time":"2021-07-07T11:02:27.035+0800","lineNum":"C:/code/encoo/src/ClusterServices/ActionFlowServices/logic/task/job_runinstance_logic.go:86","msg":"driver: bad connection","service":"api_service"}
{"level":"error","time":"2021-07-07T11:03:10.028+0800","lineNum":"C:/code/encoo/src/ClusterServices/ActionFlowServices/logic/task/job_runinstance_logic.go:98","msg":"health check error: context deadline exceeded","service":"api_service"}
{"level":"error","time":"2021-07-07T11:03:10.029+0800","lineNum":"C:/code/encoo/src/ClusterServices/ActionFlowServices/logic/task/job_runinstance_logic.go:78","msg":"500:Internal Server Error","service":"api_service"}
{"level":"error","time":"2021-07-07T11:03:10.067+0800","lineNum":"C:/code/encoo/src/ClusterServices/ActionFlowServices/logic/task/job_runinstance_logic.go:86","msg":"500:Internal Server Error","service":"api_service"}
{"level":"info","time":"2021-07-07T11:03:39.044+0800","lineNum":"C:/code/encoo/src/ClusterServices/ActionFlowServices/db/db.go:38","msg":"database connection successful","service":"api_service"}
{"level":"info","time":"2021-07-07T11:03:39.093+0800","lineNum":"C:/code/encoo/src/ClusterServices/ActionFlowServices/core/server.go:70","msg":"listen: 0.0.0.0:4000","service":"api_service"}
{"level":"error","time":"2021-07-07T11:03:57.066+0800","lineNum":"C:/code/encoo/src/ClusterServices/ActionFlowServices/logic/task/job_runinstance_logic.go:98","msg":"health check error: context deadline exceeded","service":"api_service"}
{"level":"error","time":"2021-07-07T11:03:57.068+0800","lineNum":"C:/code/encoo/src/ClusterServices/ActionFlowServices/logic/task/job_runinstance_logic.go:78","msg":"500:Internal Server Error","service":"api_service"}
{"level":"error","time":"2021-07-07T11:03:57.107+0800","lineNum":"C:/code/encoo/src/ClusterServices/ActionFlowServices/logic/task/job_runinstance_logic.go:86","msg":"500:Internal Server Error","service":"api_service"}
{"level":"info","time":"2021-07-07T11:04:47.774+0800","lineNum":"C:/code/encoo/src/ClusterServices/ActionFlowServices/db/db.go:38","msg":"database connection successful","service":"api_service"}
{"level":"info","time":"2021-07-07T11:04:47.828+0800","lineNum":"C:/code/encoo/src/ClusterServices/ActionFlowServices/core/server.go:70","msg":"listen: 0.0.0.0:4000","service":"api_service"}
{"level":"error","time":"2021-07-07T11:50:10.298+0800","lineNum":"C:/code/encoo/src/ClusterServices/ActionFlowServices/logic/task/job_runinstance_logic.go:86","msg":"driver: bad connection","service":"api_service"}
{"level":"error","time":"2021-07-07T11:56:40.969+0800","lineNum":"C:/code/encoo/src/ClusterServices/ActionFlowServices/logic/task/job_runinstance_logic.go:86","msg":"driver: bad connection","service":"api_service"}
{"level":"info","time":"2021-07-08T19:58:13.977+0800","lineNum":"C:/code/encoo/src/ClusterServices/ActionFlowServices/db/db.go:38","msg":"database connection successful","service":"api_service"}
{"level":"info","time":"2021-07-08T19:58:14.038+0800","lineNum":"C:/code/encoo/src/ClusterServices/ActionFlowServices/core/server.go:70","msg":"listen: 0.0.0.0:4000","service":"api_service"}
{"level":"error","time":"2021-07-08T21:03:16.308+0800","lineNum":"C:/code/encoo/src/ClusterServices/ActionFlowServices/logic/task/job_runinstance_logic.go:86","msg":"driver: bad connection","service":"api_service"}
{"level":"error","time":"2021-07-08T21:24:11.722+0800","lineNum":"C:/code/encoo/src/ClusterServices/ActionFlowServices/logic/task/job_runinstance_logic.go:86","msg":"driver: bad connection","service":"api_service"}
{"level":"error","time":"2021-07-08T21:31:43.068+0800","lineNum":"C:/code/encoo/src/ClusterServices/ActionFlowServices/logic/task/job_runinstance_logic.go:86","msg":"driver: bad connection","service":"api_service"}
{"level":"error","time":"2021-07-08T22:11:17.842+0800","lineNum":"C:/code/encoo/src/ClusterServices/ActionFlowServices/logic/task/job_runinstance_logic.go:86","msg":"driver: bad connection","service":"api_service"}
{"level":"error","time":"2021-07-09T09:28:43.051+0800","lineNum":"C:/code/encoo/src/ClusterServices/ActionFlowServices/logic/task/job_runinstance_logic.go:86","msg":"driver: bad connection","service":"api_service"}
{"level":"error","time":"2021-07-09T09:34:33.714+0800","lineNum":"C:/code/encoo/src/ClusterServices/ActionFlowServices/logic/task/job_runinstance_logic.go:86","msg":"driver: bad connection","service":"api_service"}
{"level":"error","time":"2021-07-09T09:56:54.946+0800","lineNum":"C:/code/encoo/src/ClusterServices/ActionFlowServices/logic/task/job_runinstance_logic.go:86","msg":"driver: bad connection","service":"api_service"}
{"level":"error","time":"2021-07-09T10:11:27.993+0800","lineNum":"C:/code/encoo/src/ClusterServices/ActionFlowServices/logic/task/job_runinstance_logic.go:86","msg":"driver: bad connection","service":"api_service"}
{"level":"error","time":"2021-07-09T10:19:04.604+0800","lineNum":"C:/code/encoo/src/ClusterServices/ActionFlowServices/logic/task/job_runinstance_logic.go:86","msg":"driver: bad connection","service":"api_service"}
{"level":"error","time":"2021-07-09T10:27:30.552+0800","lineNum":"C:/code/encoo/src/ClusterServices/ActionFlowServices/logic/task/job_runinstance_logic.go:86","msg":"driver: bad connection","service":"api_service"}
{"level":"error","time":"2021-07-09T10:32:15.870+0800","lineNum":"C:/code/encoo/src/ClusterServices/ActionFlowServices/logic/task/job_runinstance_logic.go:86","msg":"driver: bad connection","service":"api_service"}
{"level":"error","time":"2021-07-09T10:42:55.234+0800","lineNum":"C:/code/encoo/src/ClusterServices/ActionFlowServices/logic/task/job_runinstance_logic.go:86","msg":"driver: bad connection","service":"api_service"}
{"level":"error","time":"2021-07-09T11:07:29.455+0800","lineNum":"C:/code/encoo/src/ClusterServices/ActionFlowServices/logic/task/job_runinstance_logic.go:86","msg":"driver: bad connection","service":"api_service"}
{"level":"error","time":"2021-07-09T11:24:13.311+0800","lineNum":"C:/code/encoo/src/ClusterServices/ActionFlowServices/logic/task/job_runinstance_logic.go:86","msg":"driver: bad connection","service":"api_service"}
{"level":"info","time":"2021-07-09T15:31:33.240+0800","lineNum":"C:/code/encoo/src/ClusterServices/ActionFlowServices/db/db.go:38","msg":"database connection successful","service":"api_service"}
{"level":"info","time":"2021-07-09T15:31:33.325+0800","lineNum":"C:/code/encoo/src/ClusterServices/ActionFlowServices/core/server.go:70","msg":"listen: 0.0.0.0:4000","service":"api_service"}
{"level":"error","time":"2021-07-09T15:36:30.557+0800","lineNum":"C:/code/encoo/src/ClusterServices/ActionFlowServices/logic/task/job_runinstance_logic.go:86","msg":"driver: bad connection","service":"api_service"}
{"level":"info","time":"2021-07-09T15:57:30.267+0800","lineNum":"C:/code/encoo/src/ClusterServices/ActionFlowServices/db/db.go:38","msg":"database connection successful","service":"api_service"}
{"level":"info","time":"2021-07-09T15:57:30.350+0800","lineNum":"C:/code/encoo/src/ClusterServices/ActionFlowServices/core/server.go:70","msg":"listen: 0.0.0.0:4000","service":"api_service"}
{"level":"info","time":"2021-07-09T15:59:21.249+0800","lineNum":"C:/code/encoo/src/ClusterServices/ActionFlowServices/logic/task/job_runinstance_logic.go:116","msg":"started workflow","service":"api_service","workflowId":"118048e2-d868-4741-a6b8-d20ac54f3ee2","RunId":"149e67a0-5c9b-46b5-81f5-173b43501cf0"}
{"level":"info","time":"2021-07-09T16:03:21.732+0800","lineNum":"C:/code/encoo/src/ClusterServices/ActionFlowServices/logic/task/job_runinstance_logic.go:116","msg":"started workflow","service":"api_service","workflowId":"a95527ec-c3fb-48b2-8c40-45d606392bb4","RunId":"6cf9960c-4701-4bc3-b30f-07283d3f2f05"}
{"level":"info","time":"2021-07-09T16:04:34.432+0800","lineNum":"C:/code/encoo/src/ClusterServices/ActionFlowServices/db/db.go:38","msg":"database connection successful","service":"api_service"}
{"level":"info","time":"2021-07-09T16:04:34.503+0800","lineNum":"C:/code/encoo/src/ClusterServices/ActionFlowServices/core/server.go:70","msg":"listen: 0.0.0.0:4000","service":"api_service"}
{"level":"info","time":"2021-07-09T16:04:47.358+0800","lineNum":"C:/code/encoo/src/ClusterServices/ActionFlowServices/logic/task/job_runinstance_logic.go:115","msg":"started workflow","service":"api_service","workflowId":"42985ab0-6bbe-44f4-867c-10db4dc3691f","RunId":"5d102c8c-b2d7-469c-a788-214c7a3dd71f"}
{"level":"info","time":"2021-07-09T16:06:15.438+0800","lineNum":"C:/code/encoo/src/ClusterServices/ActionFlowServices/logic/task/job_runinstance_logic.go:115","msg":"started workflow","service":"api_service","workflowId":"4aea82e2-92f7-43d3-b957-a1511447e770","RunId":"4d74d0f9-0127-48b0-856a-0d84817d1c70"}
{"level":"info","time":"2021-07-09T16:08:04.259+0800","lineNum":"C:/code/encoo/src/ClusterServices/ActionFlowServices/logic/task/job_runinstance_logic.go:115","msg":"started workflow","service":"api_service","workflowId":"38569ad8-ca29-4bf9-a889-12dea2154321","RunId":"0194f178-80ac-4b68-929d-1e5fe9420967"}
{"level":"error","time":"2021-07-09T16:14:16.800+0800","lineNum":"C:/code/encoo/src/ClusterServices/ActionFlowServices/logic/task/job_runinstance_logic.go:86","msg":"driver: bad connection","service":"api_service"}
{"level":"info","time":"2021-07-09T16:14:18.681+0800","lineNum":"C:/code/encoo/src/ClusterServices/ActionFlowServices/logic/task/job_runinstance_logic.go:115","msg":"started workflow","service":"api_service","workflowId":"cf260662-3b09-42f6-b399-665e02b81d5d","RunId":"fd0286ac-16fa-4d92-9c97-1ba0bcca744a"}
{"level":"error","time":"2021-07-09T21:58:57.747+0800","lineNum":"C:/code/encoo/src/ClusterServices/ActionFlowServices/db/db.go:34","msg":"Exception initializing database connection","service":"api_service","err":"register db `default`, Error 9000: Client with IP address '117.143.31.212' is not allowed to connect to this MySQL server."}
{"level":"info","time":"2021-07-09T22:03:58.439+0800","lineNum":"C:/code/encoo/src/ClusterServices/ActionFlowServices/db/db.go:38","msg":"database connection successful","service":"api_service"}
{"level":"info","time":"2021-07-09T22:03:58.540+0800","lineNum":"C:/code/encoo/src/ClusterServices/ActionFlowServices/core/server.go:70","msg":"listen: 0.0.0.0:4000","service":"api_service"}
{"level":"info","time":"2021-07-09T22:04:20.917+0800","lineNum":"C:/code/encoo/src/ClusterServices/ActionFlowServices/logic/task/job_runinstance_logic.go:115","msg":"started workflow","service":"api_service","workflowId":"6ccbb409-8f15-4faa-8688-8dc1b1bd99d6","RunId":"fd2e4347-49cf-4ada-bd3d-55f7f507abd1"}
{"level":"error","time":"2021-07-09T22:26:05.930+0800","lineNum":"C:/code/encoo/src/ClusterServices/ActionFlowServices/logic/task/job_runinstance_logic.go:86","msg":"driver: bad connection","service":"api_service"}
{"level":"info","time":"2021-07-09T22:26:12.930+0800","lineNum":"C:/code/encoo/src/ClusterServices/ActionFlowServices/logic/task/job_runinstance_logic.go:115","msg":"started workflow","service":"api_service","workflowId":"a934d7ee-49fd-49f7-a920-4bf9bbc96aee","RunId":"53c1a4e2-e782-4c73-9c45-f286d3256183"}
{"level":"info","time":"2021-07-09T22:28:21.162+0800","lineNum":"C:/code/encoo/src/ClusterServices/ActionFlowServices/logic/task/job_runinstance_logic.go:115","msg":"started workflow","service":"api_service","workflowId":"5589899c-0312-438a-9b4c-86e1aa3f67c2","RunId":"8505c730-e174-4bf5-92e9-1cc39e3028cd"}
{"level":"error","time":"2021-07-09T22:44:24.268+0800","lineNum":"C:/code/encoo/src/ClusterServices/ActionFlowServices/logic/task/job_runinstance_logic.go:86","msg":"driver: bad connection","service":"api_service"}
{"level":"info","time":"2021-07-09T22:44:27.653+0800","lineNum":"C:/code/encoo/src/ClusterServices/ActionFlowServices/logic/task/job_runinstance_logic.go:115","msg":"started workflow","service":"api_service","workflowId":"ee2dd1ed-0580-4739-9ba6-f9d68f8182a7","RunId":"92c22334-66f7-46bb-b767-14fc28dcfc48"}
{"level":"info","time":"2021-07-09T22:47:26.086+0800","lineNum":"C:/code/encoo/src/ClusterServices/ActionFlowServices/logic/task/job_runinstance_logic.go:115","msg":"started workflow","service":"api_service","workflowId":"5856dc22-92c2-4db2-adb7-8b094672c803","RunId":"c8a2752e-7f2a-46be-b04a-8c9175cc8643"}
{"level":"error","time":"2021-07-09T22:55:32.907+0800","lineNum":"C:/code/encoo/src/ClusterServices/ActionFlowServices/logic/task/job_runinstance_logic.go:86","msg":"driver: bad connection","service":"api_service"}
{"level":"info","time":"2021-07-09T22:55:46.125+0800","lineNum":"C:/code/encoo/src/ClusterServices/ActionFlowServices/logic/task/job_runinstance_logic.go:115","msg":"started workflow","service":"api_service","workflowId":"e49a66c1-4fbd-476b-ab96-252ed0baa0ea","RunId":"19da1c7b-8762-4919-9bff-1f9fb8e6ec92"}
{"level":"error","time":"2021-07-09T22:59:23.721+0800","lineNum":"C:/code/encoo/src/ClusterServices/ActionFlowServices/logic/task/job_runinstance_logic.go:86","msg":"driver: bad connection","service":"api_service"}
{"level":"info","time":"2021-07-09T22:59:26.486+0800","lineNum":"C:/code/encoo/src/ClusterServices/ActionFlowServices/logic/task/job_runinstance_logic.go:115","msg":"started workflow","service":"api_service","workflowId":"99398efc-28b3-40e5-8086-8667b79a5d09","RunId":"e5f2b627-05ec-456d-8e5e-b45d8087a63c"}
{"level":"error","time":"2021-07-09T23:40:29.996+0800","lineNum":"C:/code/encoo/src/ClusterServices/ActionFlowServices/logic/task/job_runinstance_logic.go:86","msg":"driver: bad connection","service":"api_service"}
{"level":"info","time":"2021-07-09T23:40:32.817+0800","lineNum":"C:/code/encoo/src/ClusterServices/ActionFlowServices/logic/task/job_runinstance_logic.go:115","msg":"started workflow","service":"api_service","workflowId":"24ec3cf5-5daa-4ed1-9932-e28bf00cd749","RunId":"60baf068-ae3a-4477-bb63-d96c2f7e04e3"}
{"level":"info","time":"2021-07-09T23:41:41.083+0800","lineNum":"C:/code/encoo/src/ClusterServices/ActionFlowServices/logic/task/job_runinstance_logic.go:115","msg":"started workflow","service":"api_service","workflowId":"e035929d-bdb5-404f-a607-d8b918ebb5b7","RunId":"14c53589-6fc7-46b5-9272-6f01a52741b7"}
{"level":"info","time":"2021-07-09T23:43:06.598+0800","lineNum":"C:/code/encoo/src/ClusterServices/ActionFlowServices/logic/task/job_runinstance_logic.go:115","msg":"started workflow","service":"api_service","workflowId":"78b050cd-0755-4683-9826-4d72b9cdf3ea","RunId":"c3dc39d3-43bd-4e44-9922-f84dd8ec0afe"}
{"level":"info","time":"2021-07-09T23:43:40.597+0800","lineNum":"C:/code/encoo/src/ClusterServices/ActionFlowServices/logic/task/job_runinstance_logic.go:115","msg":"started workflow","service":"api_service","workflowId":"628e9dc5-4079-4a95-92a7-0f7ca3bbfe9f","RunId":"ffbd20df-c119-4d98-b698-1291af438251"}
{"level":"info","time":"2021-07-09T23:44:57.703+0800","lineNum":"C:/code/encoo/src/ClusterServices/ActionFlowServices/logic/task/job_runinstance_logic.go:115","msg":"started workflow","service":"api_service","workflowId":"1a50759b-6e53-4735-b1ef-a34166155921","RunId":"defda674-e388-4097-80e7-6a35f8b3ae0f"}
{"level":"error","time":"2021-07-10T00:23:36.836+0800","lineNum":"C:/code/encoo/src/ClusterServices/ActionFlowServices/logic/task/job_runinstance_logic.go:86","msg":"driver: bad connection","service":"api_service"}
{"level":"info","time":"2021-07-10T00:23:39.216+0800","lineNum":"C:/code/encoo/src/ClusterServices/ActionFlowServices/logic/task/job_runinstance_logic.go:115","msg":"started workflow","service":"api_service","workflowId":"6c3dd435-aa2b-4ff8-b7ae-49db31de4d33","RunId":"87d24759-5cf9-41c4-bfde-b6c5e39fb2e9"}
{"level":"info","time":"2021-07-10T00:24:38.305+0800","lineNum":"C:/code/encoo/src/ClusterServices/ActionFlowServices/logic/task/job_runinstance_logic.go:115","msg":"started workflow","service":"api_service","workflowId":"921eb871-a990-4d99-a9e1-6d82596376d1","RunId":"79eaa1f9-f6a4-43aa-b669-67e7d3fce170"}
{"level":"info","time":"2021-07-10T00:25:18.915+0800","lineNum":"C:/code/encoo/src/ClusterServices/ActionFlowServices/logic/task/job_runinstance_logic.go:115","msg":"started workflow","service":"api_service","workflowId":"7b47136b-6564-4d6b-a653-9ee281944595","RunId":"666d00f1-bd34-47b5-9826-b51b3fa6a808"}
{"level":"info","time":"2021-07-10T00:27:40.536+0800","lineNum":"C:/code/encoo/src/ClusterServices/ActionFlowServices/logic/task/job_runinstance_logic.go:115","msg":"started workflow","service":"api_service","workflowId":"47eca337-d24f-443d-a3f0-a03c66d49e05","RunId":"4c314eff-dcd9-453e-ba0f-fc6f9ad17adf"}
{"level":"info","time":"2021-07-10T00:28:06.292+0800","lineNum":"C:/code/encoo/src/ClusterServices/ActionFlowServices/logic/task/job_runinstance_logic.go:115","msg":"started workflow","service":"api_service","workflowId":"58da8757-550d-4a48-ab57-712bd951a95b","RunId":"0431028d-15a4-432a-9604-3e800a5b6d31"}
{"level":"info","time":"2021-07-10T00:28:39.123+0800","lineNum":"C:/code/encoo/src/ClusterServices/ActionFlowServices/logic/task/job_runinstance_logic.go:115","msg":"started workflow","service":"api_service","workflowId":"0a0e3099-ff96-4f52-8526-aa0b552b9e2c","RunId":"4aee5206-deb5-4aab-909f-221983f45323"}
{"level":"info","time":"2021-07-10T00:31:29.263+0800","lineNum":"C:/code/encoo/src/ClusterServices/ActionFlowServices/logic/task/job_runinstance_logic.go:115","msg":"started workflow","service":"api_service","workflowId":"fd93cd55-1018-4b58-8fc8-ed2c01b9bc05","RunId":"74410e71-8ad6-4396-bbfc-51ecf045c4b6"}
{"level":"info","time":"2021-07-12T15:15:48.922+0800","lineNum":"C:/code/encoo/src/ClusterServices/ActionFlowServices/db/db.go:38","msg":"database connection successful","service":"api_service"}
{"level":"info","time":"2021-07-12T15:15:49.039+0800","lineNum":"C:/code/encoo/src/ClusterServices/ActionFlowServices/core/server.go:70","msg":"listen: 0.0.0.0:4000","service":"api_service"}
{"level":"info","time":"2021-07-12T15:16:28.051+0800","lineNum":"C:/code/encoo/src/ClusterServices/ActionFlowServices/db/db.go:38","msg":"database connection successful","service":"api_service"}
{"level":"info","time":"2021-07-12T15:16:28.140+0800","lineNum":"C:/code/encoo/src/ClusterServices/ActionFlowServices/core/server.go:70","msg":"listen: 0.0.0.0:4000","service":"api_service"}
{"level":"panic","time":"2021-07-12T15:16:28.142+0800","lineNum":"C:/code/encoo/src/ClusterServices/ActionFlowServices/core/server.go:72","msg":"listen tcp 0.0.0.0:4000: bind: Only one usage of each socket address (protocol/network address/port) is normally permitted.","service":"api_service"}
{"level":"info","time":"2021-07-12T15:17:22.796+0800","lineNum":"C:/code/encoo/src/ClusterServices/ActionFlowServices/logic/task/job_runinstance_logic.go:115","msg":"started workflow","service":"api_service","workflowId":"09f8f0c7-756b-430e-9fa1-64917cb05ac0","RunId":"96c7ca3a-a1c6-4efe-a11f-0d8357da957d"}
{"level":"info","time":"2021-07-12T15:17:52.545+0800","lineNum":"C:/code/encoo/src/ClusterServices/ActionFlowServices/logic/task/job_runinstance_logic.go:115","msg":"started workflow","service":"api_service","workflowId":"f5e4f151-e4de-4a5c-a21c-9c981070f18d","RunId":"5b19ec33-f540-41f7-a15d-4f0cddfdb026"}
{"level":"error","time":"2021-07-12T16:03:15.614+0800","lineNum":"C:/code/encoo/src/ClusterServices/ActionFlowServices/logic/task/job_runinstance_logic.go:86","msg":"driver: bad connection","service":"api_service"}
{"level":"info","time":"2021-07-12T16:03:17.621+0800","lineNum":"C:/code/encoo/src/ClusterServices/ActionFlowServices/logic/task/job_runinstance_logic.go:115","msg":"started workflow","service":"api_service","workflowId":"5f29b0a8-4194-407f-8844-5d156987ed72","RunId":"be94ca80-1716-42cd-ade0-e467a64c7258"}
{"level":"info","time":"2021-07-12T16:54:52.540+0800","lineNum":"C:/code/encoo/src/ClusterServices/ActionFlowServices/db/db.go:38","msg":"database connection successful","service":"api_service"}
{"level":"info","time":"2021-07-12T16:54:52.717+0800","lineNum":"C:/code/encoo/src/ClusterServices/ActionFlowServices/core/server.go:70","msg":"listen: 0.0.0.0:4000","service":"api_service"}
{"level":"info","time":"2021-07-12T16:55:04.125+0800","lineNum":"C:/code/encoo/src/ClusterServices/ActionFlowServices/logic/task/job_runinstance_logic.go:114","msg":"started workflow","service":"api_service","workflowId":"517c2c2a-b22a-4d92-9249-52cd6a22a677","RunId":"e746ec41-3b3d-4315-80f7-2c6e4a0c1a56"}
{"level":"info","time":"2021-07-12T16:55:07.595+0800","lineNum":"C:/code/encoo/src/ClusterServices/ActionFlowServices/logic/task/job_runinstance_logic.go:114","msg":"started workflow","service":"api_service","workflowId":"8d31b1b8-266e-467a-9b4f-451077e8fade","RunId":"edc2c1bf-3920-42c3-8c04-67afb133a6cd"}
{"level":"info","time":"2021-07-12T16:55:14.642+0800","lineNum":"C:/code/encoo/src/ClusterServices/ActionFlowServices/logic/task/job_runinstance_logic.go:114","msg":"started workflow","service":"api_service","workflowId":"77e4e951-1aff-4dd3-a5ef-ce33c858592c","RunId":"104bebdd-f0c4-457e-bd96-1b7dd204829a"}
{"level":"info","time":"2021-07-12T16:55:54.973+0800","lineNum":"C:/code/encoo/src/ClusterServices/ActionFlowServices/logic/task/job_runinstance_logic.go:114","msg":"started workflow","service":"api_service","workflowId":"20f91094-2cdf-4cfd-9f10-b05d5626d167","RunId":"8897ca3c-aba7-44c5-9169-333f1f311ce9"}
{"level":"info","time":"2021-07-12T16:55:57.396+0800","lineNum":"C:/code/encoo/src/ClusterServices/ActionFlowServices/logic/task/job_runinstance_logic.go:114","msg":"started workflow","service":"api_service","workflowId":"5b91dec2-3c85-40dc-962e-d328aeeb451f","RunId":"c59fa1f5-3bf1-42e2-9444-6474c271c6af"}
{"level":"info","time":"2021-07-12T16:56:00.633+0800","lineNum":"C:/code/encoo/src/ClusterServices/ActionFlowServices/logic/task/job_runinstance_logic.go:114","msg":"started workflow","service":"api_service","workflowId":"5ec19f0d-a0d9-4393-8aa7-96a9586a09d0","RunId":"e1436c8c-5156-4b52-9d40-0ec8ee9ed059"}
{"level":"info","time":"2021-07-12T16:56:02.619+0800","lineNum":"C:/code/encoo/src/ClusterServices/ActionFlowServices/logic/task/job_runinstance_logic.go:114","msg":"started workflow","service":"api_service","workflowId":"13f1c0fd-5938-4d0f-9a34-432ba436896d","RunId":"8e4c34a9-d498-4447-8baf-9539a7adcbd0"}
{"level":"info","time":"2021-07-12T16:56:04.841+0800","lineNum":"C:/code/encoo/src/ClusterServices/ActionFlowServices/logic/task/job_runinstance_logic.go:114","msg":"started workflow","service":"api_service","workflowId":"db720631-6b32-447b-90e5-dc2b2ea278a0","RunId":"73c6ab38-0b38-42f7-988d-859deb2e45d7"}
{"level":"info","time":"2021-07-12T16:56:06.750+0800","lineNum":"C:/code/encoo/src/ClusterServices/ActionFlowServices/logic/task/job_runinstance_logic.go:114","msg":"started workflow","service":"api_service","workflowId":"94f658cc-a608-4a42-843c-940ffa1b4a31","RunId":"2b024025-1cfe-46d5-98d4-8e87209baee8"}
{"level":"info","time":"2021-07-12T16:56:08.473+0800","lineNum":"C:/code/encoo/src/ClusterServices/ActionFlowServices/logic/task/job_runinstance_logic.go:114","msg":"started workflow","service":"api_service","workflowId":"2066cbc1-7b6d-4ac2-972b-2f1efe2b23b6","RunId":"8368f353-1216-458e-a9fd-7d6727227f78"}
{"level":"info","time":"2021-07-12T16:56:10.558+0800","lineNum":"C:/code/encoo/src/ClusterServices/ActionFlowServices/logic/task/job_runinstance_logic.go:114","msg":"started workflow","service":"api_service","workflowId":"c84ec43f-a800-4639-bd0e-d297a3bb41a2","RunId":"38aa7c0f-f909-44fb-bae1-1b627c5b70cd"}
{"level":"info","time":"2021-07-12T16:56:12.282+0800","lineNum":"C:/code/encoo/src/ClusterServices/ActionFlowServices/logic/task/job_runinstance_logic.go:114","msg":"started workflow","service":"api_service","workflowId":"28925fe8-a9b3-4616-8b8a-9ba5b9b9ac12","RunId":"9263e75b-c345-4cbc-8a8e-e8b16f1bfa61"}
{"level":"info","time":"2021-07-12T16:56:14.336+0800","lineNum":"C:/code/encoo/src/ClusterServices/ActionFlowServices/logic/task/job_runinstance_logic.go:114","msg":"started workflow","service":"api_service","workflowId":"887c6fa2-63b3-4af1-b9e0-b6af918e9918","RunId":"9ff8ab63-e96d-4811-8627-bdb4580e4b21"}
{"level":"info","time":"2021-07-12T16:56:16.878+0800","lineNum":"C:/code/encoo/src/ClusterServices/ActionFlowServices/logic/task/job_runinstance_logic.go:114","msg":"started workflow","service":"api_service","workflowId":"f2fc037b-6fa2-4c0a-a57b-57de6e076dde","RunId":"28eedfc3-721d-4f67-9385-4a811987beb3"}
{"level":"info","time":"2021-07-13T10:00:24.974+0800","lineNum":"C:/code/encoo/src/ClusterServices/ActionFlowServices/db/db.go:38","msg":"database connection successful","service":"api_service"}
{"level":"info","time":"2021-07-13T10:00:25.167+0800","lineNum":"C:/code/encoo/src/ClusterServices/ActionFlowServices/core/server.go:70","msg":"listen: 0.0.0.0:4000","service":"api_service"}
{"level":"info","time":"2021-07-13T10:00:41.148+0800","lineNum":"C:/code/encoo/src/ClusterServices/ActionFlowServices/logic/task/job_runinstance_logic.go:114","msg":"started workflow","service":"api_service","workflowId":"e1e67e52-f5ed-424d-8dda-539083909e0e","RunId":"de4f4f67-6449-4cc6-b9dc-f7fea68c86a3"}
{"level":"info","time":"2021-07-13T10:02:28.448+0800","lineNum":"C:/code/encoo/src/ClusterServices/ActionFlowServices/logic/task/job_runinstance_logic.go:114","msg":"started workflow","service":"api_service","workflowId":"809a704b-3553-40f9-8237-f3d9061e430e","RunId":"65244012-e3d2-46ae-8af0-80797c7c8800"}
{"level":"info","time":"2021-07-13T10:04:49.365+0800","lineNum":"C:/code/encoo/src/ClusterServices/ActionFlowServices/logic/task/job_runinstance_logic.go:114","msg":"started workflow","service":"api_service","workflowId":"25d9f1fe-64d5-4e1a-b3d2-4f5e16abb5f2","RunId":"6da97596-879c-49e0-b003-4b69ab807dc9"}
{"level":"info","time":"2021-07-13T10:05:06.419+0800","lineNum":"C:/code/encoo/src/ClusterServices/ActionFlowServices/logic/task/job_runinstance_logic.go:114","msg":"started workflow","service":"api_service","workflowId":"af9fc924-bca4-45b6-b971-8d39b8d2212c","RunId":"b2708d18-9ca9-4d64-ac4d-be355141816a"}
{"level":"info","time":"2021-07-13T10:07:03.942+0800","lineNum":"C:/code/encoo/src/ClusterServices/ActionFlowServices/logic/task/job_runinstance_logic.go:114","msg":"started workflow","service":"api_service","workflowId":"0d64ebd7-1c4d-4991-9f97-f907f9b96c8f","RunId":"ee6ee80a-d639-451c-ab61-bf257306b1b4"}
{"level":"info","time":"2021-07-13T11:45:42.532+0800","lineNum":"C:/code/encoo/src/ClusterServices/ActionFlowServices/logic/task/job_runinstance_logic.go:114","msg":"started workflow","service":"api_service","workflowId":"3e24ae60-1131-4314-a992-8fc7bcd264a4","RunId":"781cae79-4ea6-4ce5-9373-05f4096b1eef"}
{"level":"info","time":"2021-07-13T11:46:43.455+0800","lineNum":"C:/code/encoo/src/ClusterServices/ActionFlowServices/logic/task/job_runinstance_logic.go:114","msg":"started workflow","service":"api_service","workflowId":"d716c217-8255-4573-9259-5bb4d9612bc4","RunId":"84bb7e2c-4482-4ae6-8746-f679d06e5f83"}
{"level":"info","time":"2021-07-13T11:47:58.206+0800","lineNum":"C:/code/encoo/src/ClusterServices/ActionFlowServices/logic/task/job_runinstance_logic.go:114","msg":"started workflow","service":"api_service","workflowId":"868a7a36-efcf-4c3d-9327-16b99012a9cb","RunId":"1c9d93c8-963a-4be7-b31f-d89dc936df38"}
{"level":"info","time":"2021-07-13T11:49:23.128+0800","lineNum":"C:/code/encoo/src/ClusterServices/ActionFlowServices/logic/task/job_runinstance_logic.go:114","msg":"started workflow","service":"api_service","workflowId":"7b03d6f2-a374-403d-9080-d402d0532407","RunId":"175882f7-fdef-4651-b8e4-d6f9c18398c1"}
{"level":"info","time":"2021-07-13T11:49:35.391+0800","lineNum":"C:/code/encoo/src/ClusterServices/ActionFlowServices/logic/task/job_runinstance_logic.go:114","msg":"started workflow","service":"api_service","workflowId":"8514b93d-8804-4454-9099-b3cdd525fb40","RunId":"28a66acc-5edf-487d-9981-b5648d38b5fb"}
{"level":"info","time":"2021-07-13T11:52:19.174+0800","lineNum":"C:/code/encoo/src/ClusterServices/ActionFlowServices/logic/task/job_runinstance_logic.go:114","msg":"started workflow","service":"api_service","workflowId":"ea0c86e3-ae3f-42e6-b581-1baa01831408","RunId":"d62fb49b-a70b-402d-a7f3-a5c05c3aae7d"}
{"level":"info","time":"2021-07-13T11:53:52.603+0800","lineNum":"C:/code/encoo/src/ClusterServices/ActionFlowServices/logic/task/job_runinstance_logic.go:114","msg":"started workflow","service":"api_service","workflowId":"971f4814-c300-4893-96d1-8683a82f1b8a","RunId":"fff265b6-3770-4f26-a382-4b64509a40e9"}
{"level":"error","time":"2021-07-13T12:00:44.199+0800","lineNum":"C:/code/encoo/src/ClusterServices/ActionFlowServices/logic/task/job_runinstance_logic.go:87","msg":"driver: bad connection","service":"api_service"}
{"level":"info","time":"2021-07-13T12:00:47.273+0800","lineNum":"C:/code/encoo/src/ClusterServices/ActionFlowServices/logic/task/job_runinstance_logic.go:114","msg":"started workflow","service":"api_service","workflowId":"f5aa537a-29f7-4a14-862b-c31fb7b5418f","RunId":"78769952-0534-455f-883d-cff3cd51ebe3"}
{"level":"info","time":"2021-07-13T12:03:08.932+0800","lineNum":"C:/code/encoo/src/ClusterServices/ActionFlowServices/logic/task/job_runinstance_logic.go:114","msg":"started workflow","service":"api_service","workflowId":"3509309e-d020-4181-abad-68193e89fe11","RunId":"16629471-3955-4fb1-adea-c7a66860f50b"}
{"level":"info","time":"2021-07-13T15:31:27.177+0800","lineNum":"C:/code/encoo/src/ClusterServices/ActionFlowServices/db/db.go:38","msg":"database connection successful","service":"api_service"}
{"level":"info","time":"2021-07-13T15:31:27.342+0800","lineNum":"C:/code/encoo/src/ClusterServices/ActionFlowServices/core/server.go:70","msg":"listen: 0.0.0.0:4000","service":"api_service"}
{"level":"debug","time":"2021-07-13T15:33:20.176+0800","lineNum":"C:/code/encoo/src/ClusterServices/ActionFlowServices/logic/flow/flowlogic.go:17","msg":"oauthInfo &{UserIdxx   }","service":"api_service"}
{"level":"info","time":"2021-07-13T15:47:21.794+0800","lineNum":"C:/code/encoo/src/ClusterServices/ActionFlowServices/db/db.go:38","msg":"database connection successful","service":"api_service"}
{"level":"info","time":"2021-07-13T15:47:21.940+0800","lineNum":"C:/code/encoo/src/ClusterServices/ActionFlowServices/core/server.go:70","msg":"listen: 0.0.0.0:4000","service":"api_service"}
{"level":"debug","time":"2021-07-13T15:48:01.982+0800","lineNum":"C:/code/encoo/src/ClusterServices/ActionFlowServices/logic/flow/flowlogic.go:17","msg":"oauthInfo &{UserIdxx   }","service":"api_service"}
{"level":"error","time":"2021-07-13T15:48:02.452+0800","lineNum":"C:/code/encoo/src/ClusterServices/ActionFlowServices/logic/flow/flowlogic.go:78","msg":"400:{\n    \"code\": 1000,\n    \"message\": \"Name already exists\"\n}","service":"api_service"}
{"level":"debug","time":"2021-07-13T15:48:10.389+0800","lineNum":"C:/code/encoo/src/ClusterServices/ActionFlowServices/logic/flow/flowlogic.go:17","msg":"oauthInfo &{UserIdxx   }","service":"api_service"}
{"level":"info","time":"2021-07-13T17:54:39.046+0800","lineNum":"C:/code/encoo/src/ClusterServices/ActionFlowServices/db/db.go:38","msg":"database connection successful","service":"api_service"}
{"level":"info","time":"2021-07-13T17:54:39.224+0800","lineNum":"C:/code/encoo/src/ClusterServices/ActionFlowServices/core/server.go:70","msg":"listen: 0.0.0.0:4000","service":"api_service"}
{"level":"info","time":"2021-07-13T18:05:52.088+0800","lineNum":"C:/code/encoo/src/ClusterServices/ActionFlowServices/db/db.go:38","msg":"database connection successful","service":"api_service"}
{"level":"info","time":"2021-07-13T18:05:52.224+0800","lineNum":"C:/code/encoo/src/ClusterServices/ActionFlowServices/core/server.go:70","msg":"listen: 0.0.0.0:4000","service":"api_service"}
{"level":"info","time":"2021-07-13T18:07:07.060+0800","lineNum":"C:/code/encoo/src/ClusterServices/ActionFlowServices/logic/task/job_runinstance_logic.go:114","msg":"started workflow","service":"api_service","workflowId":"74cd9707-3ecd-4ab4-ae8c-afb41fe72f19","RunId":"f88fcc87-46d9-48e3-b328-622c1dd9392d"}
{"level":"error","time":"2021-07-13T18:10:51.326+0800","lineNum":"C:/code/encoo/src/ClusterServices/ActionFlowServices/logic/task/job_runinstance_logic.go:87","msg":"driver: bad connection","service":"api_service"}
{"level":"info","time":"2021-07-13T18:10:53.078+0800","lineNum":"C:/code/encoo/src/ClusterServices/ActionFlowServices/logic/task/job_runinstance_logic.go:114","msg":"started workflow","service":"api_service","workflowId":"4e7d975f-9aa0-4914-866a-1ecaae69a165","RunId":"adbfc405-5a07-4c14-a091-dc93f8d58ed5"}
{"level":"info","time":"2021-07-14T10:25:41.088+0800","lineNum":"C:/code/encoo/src/ClusterServices/ActionFlowServices/db/db.go:38","msg":"database connection successful","service":"api_service"}
{"level":"info","time":"2021-07-14T10:25:41.372+0800","lineNum":"C:/code/encoo/src/ClusterServices/ActionFlowServices/core/server.go:70","msg":"listen: 0.0.0.0:4000","service":"api_service"}
{"level":"error","time":"2021-07-14T14:38:39.141+0800","lineNum":"C:/code/encoo/src/ClusterServices/ActionFlowServices/logic/task/job_runinstance_logic.go:87","msg":"driver: bad connection","service":"api_service"}
{"level":"info","time":"2021-07-14T14:38:41.652+0800","lineNum":"C:/code/encoo/src/ClusterServices/ActionFlowServices/logic/task/job_runinstance_logic.go:114","msg":"started workflow","service":"api_service","workflowId":"9f110a94-d2f7-42be-a82b-8714bcc23dd7","RunId":"4f8579bd-9737-4726-aadc-e847c1290a89"}
{"level":"error","time":"2021-07-14T15:09:56.439+0800","lineNum":"C:/code/encoo/src/ClusterServices/ActionFlowServices/logic/task/job_runinstance_logic.go:87","msg":"driver: bad connection","service":"api_service"}
{"level":"info","time":"2021-07-14T15:09:57.884+0800","lineNum":"C:/code/encoo/src/ClusterServices/ActionFlowServices/logic/task/job_runinstance_logic.go:114","msg":"started workflow","service":"api_service","workflowId":"ae4d3ba8-f3a1-4553-89d6-0c594b55cbf1","RunId":"7d26b6f5-a5c5-4fdf-9424-c2ebf6da45e3"}
{"level":"info","time":"2021-07-14T15:12:03.352+0800","lineNum":"C:/code/encoo/src/ClusterServices/ActionFlowServices/logic/task/job_runinstance_logic.go:114","msg":"started workflow","service":"api_service","workflowId":"782f63b4-fcdb-49b8-a8c8-56b83a5e63fd","RunId":"8d288263-b994-4065-a989-d7b7e2edfa9d"}
{"level":"info","time":"2021-07-14T15:13:36.225+0800","lineNum":"C:/code/encoo/src/ClusterServices/ActionFlowServices/logic/task/job_runinstance_logic.go:114","msg":"started workflow","service":"api_service","workflowId":"50e950c1-7c31-49a7-8cfd-fdec7cb07c46","RunId":"41a67605-ce2f-44b8-9bca-ee44163d3bf7"}
{"level":"error","time":"2021-07-14T15:19:52.727+0800","lineNum":"C:/code/encoo/src/ClusterServices/ActionFlowServices/logic/task/job_runinstance_logic.go:87","msg":"driver: bad connection","service":"api_service"}
{"level":"info","time":"2021-07-14T15:19:55.130+0800","lineNum":"C:/code/encoo/src/ClusterServices/ActionFlowServices/logic/task/job_runinstance_logic.go:114","msg":"started workflow","service":"api_service","workflowId":"8932d0de-52ef-468c-b23c-fd73b4a8114f","RunId":"6eb899a1-31fb-48e7-a3b1-4ca25ea677af"}
{"level":"error","time":"2021-07-14T15:24:31.269+0800","lineNum":"C:/code/encoo/src/ClusterServices/ActionFlowServices/logic/task/job_runinstance_logic.go:87","msg":"driver: bad connection","service":"api_service"}
{"level":"info","time":"2021-07-14T15:24:33.574+0800","lineNum":"C:/code/encoo/src/ClusterServices/ActionFlowServices/logic/task/job_runinstance_logic.go:114","msg":"started workflow","service":"api_service","workflowId":"bf5f7257-43f6-4b18-b6fa-649e0cd550a2","RunId":"9c2b556a-caeb-4eea-98d6-94b440b19f8b"}
{"level":"error","time":"2021-07-14T15:29:42.585+0800","lineNum":"C:/code/encoo/src/ClusterServices/ActionFlowServices/logic/task/job_runinstance_logic.go:87","msg":"driver: bad connection","service":"api_service"}
{"level":"info","time":"2021-07-14T15:29:44.930+0800","lineNum":"C:/code/encoo/src/ClusterServices/ActionFlowServices/logic/task/job_runinstance_logic.go:114","msg":"started workflow","service":"api_service","workflowId":"4335b2bc-c098-495f-9cc2-03ce3cddd43f","RunId":"8d5856e2-92a9-4318-82a0-30211cf86332"}
{"level":"info","time":"2021-07-14T16:06:36.943+0800","lineNum":"C:/code/encoo/src/ClusterServices/ActionFlowServices/logic/task/job_runinstance_logic.go:114","msg":"started workflow","service":"api_service","workflowId":"9551c29b-b866-494b-b468-d336b5e310b3","RunId":"e0e9e51e-a0d8-4e5a-9606-3a1aee13385f"}
{"level":"error","time":"2021-07-14T16:11:19.298+0800","lineNum":"C:/code/encoo/src/ClusterServices/ActionFlowServices/logic/task/job_runinstance_logic.go:87","msg":"driver: bad connection","service":"api_service"}
{"level":"info","time":"2021-07-14T16:11:21.063+0800","lineNum":"C:/code/encoo/src/ClusterServices/ActionFlowServices/logic/task/job_runinstance_logic.go:114","msg":"started workflow","service":"api_service","workflowId":"d7551176-09c0-48da-ab24-3aa5516ba1b9","RunId":"5709b7d0-350e-4afd-a47a-f865e3ba99a5"}
{"level":"info","time":"2021-07-14T16:20:26.438+0800","lineNum":"C:/code/encoo/src/ClusterServices/ActionFlowServices/logic/task/job_runinstance_logic.go:114","msg":"started workflow","service":"api_service","workflowId":"3f989b9f-fe19-4377-a35b-1967188e09c3","RunId":"77ffb303-7395-4cff-a8d8-e32f0354ba4c"}
{"level":"info","time":"2021-07-14T16:21:33.775+0800","lineNum":"C:/code/encoo/src/ClusterServices/ActionFlowServices/logic/task/job_runinstance_logic.go:114","msg":"started workflow","service":"api_service","workflowId":"6bd90e95-045d-4bd9-a5c4-f2b036b93f7e","RunId":"faf1aaba-bf95-4b3b-a43b-c11f2f837df6"}
{"level":"info","time":"2021-07-14T16:24:21.633+0800","lineNum":"C:/code/encoo/src/ClusterServices/ActionFlowServices/logic/task/job_runinstance_logic.go:114","msg":"started workflow","service":"api_service","workflowId":"ad797785-67d4-40df-afb9-5815a54147ce","RunId":"88c8c63a-d0c8-4fa6-9573-6763e4e4a1f4"}
{"level":"error","time":"2021-07-14T17:58:31.551+0800","lineNum":"C:/code/encoo/src/ClusterServices/ActionFlowServices/logic/task/job_runinstance_logic.go:87","msg":"driver: bad connection","service":"api_service"}
{"level":"info","time":"2021-07-14T17:58:33.526+0800","lineNum":"C:/code/encoo/src/ClusterServices/ActionFlowServices/logic/task/job_runinstance_logic.go:114","msg":"started workflow","service":"api_service","workflowId":"e7f51529-cb07-4ece-bf3c-8f2c2a0dc820","RunId":"c933cc92-a8a9-4feb-9a7f-7ebaa5c0fc60"}
{"level":"info","time":"2021-07-14T17:59:26.418+0800","lineNum":"C:/code/encoo/src/ClusterServices/ActionFlowServices/logic/task/job_runinstance_logic.go:114","msg":"started workflow","service":"api_service","workflowId":"50f2485f-7f05-4357-a9a0-6d1a03caa3b8","RunId":"a05dbd41-2131-4d3b-b2ab-eab721c9b256"}
{"level":"error","time":"2021-07-14T18:22:36.695+0800","lineNum":"C:/code/encoo/src/ClusterServices/ActionFlowServices/logic/task/job_runinstance_logic.go:87","msg":"driver: bad connection","service":"api_service"}
{"level":"info","time":"2021-07-14T18:22:42.535+0800","lineNum":"C:/code/encoo/src/ClusterServices/ActionFlowServices/logic/task/job_runinstance_logic.go:114","msg":"started workflow","service":"api_service","workflowId":"ae0518bc-e01c-4dae-a65c-edbb2cf88831","RunId":"0c8614ea-a6bf-4c0b-90b2-7234e9aca335"}
{"level":"info","time":"2021-07-14T18:24:40.682+0800","lineNum":"C:/code/encoo/src/ClusterServices/ActionFlowServices/logic/task/job_runinstance_logic.go:114","msg":"started workflow","service":"api_service","workflowId":"5a32c7b4-750f-46de-b756-1c61916f0e15","RunId":"bb2108f0-23c2-4f8b-ac20-02b97930c9cd"}
{"level":"info","time":"2021-07-14T18:26:32.114+0800","lineNum":"C:/code/encoo/src/ClusterServices/ActionFlowServices/logic/task/job_runinstance_logic.go:114","msg":"started workflow","service":"api_service","workflowId":"4e3a72e4-0a92-4eff-9efd-0c630b31b390","RunId":"02d7d5a4-bd92-4098-92fd-8b17f94a7f23"}
{"level":"info","time":"2021-07-15T14:24:17.474+0800","lineNum":"C:/code/encoo/src/ClusterServices/ActionFlowServices/db/db.go:38","msg":"database connection successful","service":"api_service"}
{"level":"info","time":"2021-07-15T14:24:17.706+0800","lineNum":"C:/code/encoo/src/ClusterServices/ActionFlowServices/core/server.go:70","msg":"listen: 0.0.0.0:4000","service":"api_service"}
{"level":"info","time":"2021-07-15T14:25:53.966+0800","lineNum":"C:/code/encoo/src/ClusterServices/ActionFlowServices/logic/task/job_runinstance_logic.go:114","msg":"started workflow","service":"api_service","workflowId":"485de3eb-8dee-4867-83a6-e4bcf0e2bfa5","RunId":"14d94d69-ab04-41b4-9551-fe5fd9c86490"}
{"level":"info","time":"2021-07-15T14:27:15.923+0800","lineNum":"C:/code/encoo/src/ClusterServices/ActionFlowServices/logic/task/job_runinstance_logic.go:114","msg":"started workflow","service":"api_service","workflowId":"75fb6843-5c24-461d-8778-25ea2f179c92","RunId":"77799334-ae0f-428d-854f-5cb92486a2a1"}
{"level":"info","time":"2021-07-15T19:26:16.563+0800","lineNum":"C:/code/encoo/src/ClusterServices/ActionFlowServices/db/db.go:38","msg":"database connection successful","service":"api_service"}
{"level":"info","time":"2021-07-15T19:26:16.707+0800","lineNum":"C:/code/encoo/src/ClusterServices/ActionFlowServices/core/server.go:70","msg":"listen: 0.0.0.0:4000","service":"api_service"}
{"level":"info","time":"2021-07-15T19:28:56.944+0800","lineNum":"C:/code/encoo/src/ClusterServices/ActionFlowServices/db/db.go:38","msg":"database connection successful","service":"api_service"}
{"level":"info","time":"2021-07-15T19:28:57.107+0800","lineNum":"C:/code/encoo/src/ClusterServices/ActionFlowServices/core/server.go:70","msg":"listen: 0.0.0.0:4000","service":"api_service"}
{"level":"info","time":"2021-07-15T19:30:50.434+0800","lineNum":"C:/code/encoo/src/ClusterServices/ActionFlowServices/db/db.go:38","msg":"database connection successful","service":"api_service"}
{"level":"info","time":"2021-07-15T19:30:50.615+0800","lineNum":"C:/code/encoo/src/ClusterServices/ActionFlowServices/core/server.go:70","msg":"listen: 0.0.0.0:4000","service":"api_service"}
{"level":"error","time":"2021-07-15T19:31:43.701+0800","lineNum":"C:/code/encoo/src/ClusterServices/ActionFlowServices/logic/flow/actionlogic.go:163","msg":"400:{\n    \"code\": 1000,\n    \"message\": \"Name already exists\"\n}","service":"api_service"}
{"level":"error","time":"2021-07-15T19:38:27.374+0800","lineNum":"C:/code/encoo/src/ClusterServices/ActionFlowServices/logic/task/job_runinstance_logic.go:87","msg":"driver: bad connection","service":"api_service"}
{"level":"info","time":"2021-07-15T19:38:29.071+0800","lineNum":"C:/code/encoo/src/ClusterServices/ActionFlowServices/logic/task/job_runinstance_logic.go:114","msg":"started workflow","service":"api_service","workflowId":"5588ace0-768c-4edb-a918-520a7345b880","RunId":"0a96812f-90dc-4b14-bd28-fba3d333d650"}
{"level":"debug","time":"2021-07-15T19:45:33.824+0800","lineNum":"C:/code/encoo/src/ClusterServices/ActionFlowServices/logic/flow/flowlogic.go:17","msg":"oauthInfo &{UserIdxx   }","service":"api_service"}
{"level":"error","time":"2021-07-15T19:45:34.085+0800","lineNum":"C:/code/encoo/src/ClusterServices/ActionFlowServices/logic/flow/flowlogic.go:78","msg":"driver: bad connection","service":"api_service"}
{"level":"debug","time":"2021-07-15T19:45:38.252+0800","lineNum":"C:/code/encoo/src/ClusterServices/ActionFlowServices/logic/flow/flowlogic.go:17","msg":"oauthInfo &{UserIdxx   }","service":"api_service"}
{"level":"info","time":"2021-07-15T19:55:43.211+0800","lineNum":"C:/code/encoo/src/ClusterServices/ActionFlowServices/logic/task/job_runinstance_logic.go:114","msg":"started workflow","service":"api_service","workflowId":"045df1cd-1469-43bc-b125-39caa5f44df1","RunId":"55f89779-8f25-4da3-8191-c43e408811fd"}
{"level":"info","time":"2021-07-15T19:57:03.875+0800","lineNum":"C:/code/encoo/src/ClusterServices/ActionFlowServices/logic/task/job_runinstance_logic.go:114","msg":"started workflow","service":"api_service","workflowId":"a7b45202-0c64-4ab0-83e6-d92893237639","RunId":"90ca922f-4776-4c0d-b158-e0409fa44d00"}
{"level":"info","time":"2021-07-15T19:58:33.282+0800","lineNum":"C:/code/encoo/src/ClusterServices/ActionFlowServices/logic/task/job_runinstance_logic.go:114","msg":"started workflow","service":"api_service","workflowId":"d70fef8e-5d38-401d-873e-4118f8509c91","RunId":"f6889417-0e39-49ea-bd8f-5ad54048d8a1"}
{"level":"info","time":"2021-07-15T20:00:41.264+0800","lineNum":"C:/code/encoo/src/ClusterServices/ActionFlowServices/logic/task/job_runinstance_logic.go:114","msg":"started workflow","service":"api_service","workflowId":"a7a8a0b5-2baf-4081-9ce0-efecbbb92d38","RunId":"bb4f1652-b7ec-42a6-8c41-5cce80819db9"}
{"level":"error","time":"2021-07-15T20:09:26.674+0800","lineNum":"C:/code/encoo/src/ClusterServices/ActionFlowServices/logic/task/job_runinstance_logic.go:87","msg":"driver: bad connection","service":"api_service"}
{"level":"info","time":"2021-07-15T20:09:29.352+0800","lineNum":"C:/code/encoo/src/ClusterServices/ActionFlowServices/logic/task/job_runinstance_logic.go:114","msg":"started workflow","service":"api_service","workflowId":"19912721-8b25-4179-a911-2b12c5fd25e3","RunId":"b9eef261-221f-40a4-9eae-59da7700b202"}
{"level":"info","time":"2021-07-15T20:12:42.337+0800","lineNum":"C:/code/encoo/src/ClusterServices/ActionFlowServices/logic/task/job_runinstance_logic.go:114","msg":"started workflow","service":"api_service","workflowId":"95eb09d0-81c1-457b-b5ab-24df702ec7cd","RunId":"e01e7fcc-bd36-4422-bedc-e0860c40ac97"}
{"level":"info","time":"2021-07-15T20:14:49.176+0800","lineNum":"C:/code/encoo/src/ClusterServices/ActionFlowServices/logic/task/job_runinstance_logic.go:114","msg":"started workflow","service":"api_service","workflowId":"f2ca86a0-236e-4e1a-94ae-59c24eea90fa","RunId":"305c5b8e-5b52-4e1c-adc8-eee5f58137c9"}
{"level":"error","time":"2021-07-15T20:20:06.157+0800","lineNum":"C:/code/encoo/src/ClusterServices/ActionFlowServices/logic/task/job_runinstance_logic.go:87","msg":"driver: bad connection","service":"api_service"}
{"level":"info","time":"2021-07-15T20:20:08.817+0800","lineNum":"C:/code/encoo/src/ClusterServices/ActionFlowServices/logic/task/job_runinstance_logic.go:114","msg":"started workflow","service":"api_service","workflowId":"24224a50-f206-49d9-97c0-f4ca312969a0","RunId":"7c8afd67-813f-4aa2-bbff-5c3ee927f673"}
{"level":"info","time":"2021-07-15T20:21:37.303+0800","lineNum":"C:/code/encoo/src/ClusterServices/ActionFlowServices/logic/task/job_runinstance_logic.go:114","msg":"started workflow","service":"api_service","workflowId":"044a83d1-0ccd-4233-9384-95b1aa950e73","RunId":"eeeb1442-bd0c-4fe7-aa29-52a70b904021"}
{"level":"info","time":"2021-07-16T18:16:23.912+0800","lineNum":"C:/code/encoo/src/ClusterServices/ActionFlowServices/db/db.go:38","msg":"database connection successful","service":"api_service"}
{"level":"info","time":"2021-07-16T18:16:24.344+0800","lineNum":"C:/code/encoo/src/ClusterServices/ActionFlowServices/core/server.go:70","msg":"listen: 0.0.0.0:4000","service":"api_service"}
{"level":"info","time":"2021-07-16T18:16:39.234+0800","lineNum":"C:/code/encoo/src/ClusterServices/ActionFlowServices/db/db.go:38","msg":"database connection successful","service":"api_service"}
{"level":"info","time":"2021-07-16T18:16:39.445+0800","lineNum":"C:/code/encoo/src/ClusterServices/ActionFlowServices/core/server.go:70","msg":"listen: 0.0.0.0:4000","service":"api_service"}
{"level":"panic","time":"2021-07-16T18:16:39.448+0800","lineNum":"C:/code/encoo/src/ClusterServices/ActionFlowServices/core/server.go:72","msg":"listen tcp 0.0.0.0:4000: bind: Only one usage of each socket address (protocol/network address/port) is normally permitted.","service":"api_service"}
{"level":"info","time":"2021-07-16T18:18:17.365+0800","lineNum":"C:/code/encoo/src/ClusterServices/ActionFlowServices/db/db.go:38","msg":"database connection successful","service":"api_service"}
{"level":"info","time":"2021-07-16T18:18:17.540+0800","lineNum":"C:/code/encoo/src/ClusterServices/ActionFlowServices/core/server.go:70","msg":"listen: 0.0.0.0:4000","service":"api_service"}
{"level":"info","time":"2021-07-16T18:34:33.413+0800","lineNum":"C:/code/encoo/src/ClusterServices/ActionFlowServices/logic/task/job_runinstance_logic.go:114","msg":"started workflow","service":"api_service","workflowId":"b31a4fcb-b3bf-4d20-a9da-791c3bbd997b","RunId":"2b54ce54-afbe-4ac1-a487-dcdcd109d0cc"}
{"level":"error","time":"2021-07-16T18:42:59.588+0800","lineNum":"C:/code/encoo/src/ClusterServices/ActionFlowServices/logic/task/job_runinstance_logic.go:87","msg":"driver: bad connection","service":"api_service"}
{"level":"info","time":"2021-07-16T18:43:02.729+0800","lineNum":"C:/code/encoo/src/ClusterServices/ActionFlowServices/logic/task/job_runinstance_logic.go:114","msg":"started workflow","service":"api_service","workflowId":"71ba660c-e593-4387-825b-d366c43285a4","RunId":"02d014b0-d7a9-4d3d-9585-dc269920cdc4"}
{"level":"error","time":"2021-07-16T20:36:50.838+0800","lineNum":"C:/code/encoo/src/ClusterServices/ActionFlowServices/logic/task/job_runinstance_logic.go:87","msg":"driver: bad connection","service":"api_service"}
{"level":"info","time":"2021-07-16T20:36:52.563+0800","lineNum":"C:/code/encoo/src/ClusterServices/ActionFlowServices/logic/task/job_runinstance_logic.go:114","msg":"started workflow","service":"api_service","workflowId":"abd46411-aae5-4fc4-b74b-feda9ea4d051","RunId":"72bec5fd-c50d-4315-83fe-cfa2134ea8b1"}
{"level":"info","time":"2021-08-02T14:17:52.207+0800","lineNum":"C:/code/encoo/src/ClusterServices/ActionFlowServices/db/db.go:38","msg":"database connection successful","service":"api_service"}
{"level":"info","time":"2021-08-02T14:17:52.347+0800","lineNum":"C:/code/encoo/src/ClusterServices/ActionFlowServices/core/server.go:70","msg":"listen: 0.0.0.0:4000","service":"api_service"}
{"level":"error","time":"2021-08-02T14:19:36.707+0800","lineNum":"C:/code/encoo/src/ClusterServices/ActionFlowServices/logic/task/job_runinstance_logic.go:87","msg":"400:{\n    \"code\": 1007,\n    \"message\": \"flow job not found\"\n}","service":"api_service"}
{"level":"info","time":"2021-08-02T14:21:28.332+0800","lineNum":"C:/code/encoo/src/ClusterServices/ActionFlowServices/logic/task/job_runinstance_logic.go:114","msg":"started workflow","service":"api_service","workflowId":"870d0467-0f50-406e-abb4-8d8b6ff4e367","RunId":"4a9d2297-73e7-4e84-aece-8aa48d5229af"}
{"level":"info","time":"2021-08-05T13:38:16.354+0800","lineNum":"C:/code/encoo/src/ClusterServices/ActionFlowServices/db/db.go:38","msg":"database connection successful","service":"api_service"}
{"level":"info","time":"2021-08-05T13:38:17.212+0800","lineNum":"C:/code/encoo/src/ClusterServices/ActionFlowServices/core/server.go:70","msg":"listen: 0.0.0.0:4000","service":"api_service"}
